  Main.cpp
C:\Users\User\Desktop\DZ STEP IT\ProjectWorkMaze\ProjectWorkMaze\timer.h(3,26): warning C4838: Преобразование из "int" в "char" требует сужающего преобразования.
C:\Users\User\Desktop\DZ STEP IT\ProjectWorkMaze\ProjectWorkMaze\timer.h(3,26): warning C4309: инициализация: усечение константного значения
C:\Users\User\Desktop\DZ STEP IT\ProjectWorkMaze\ProjectWorkMaze\timer.h(3,30): warning C4838: Преобразование из "int" в "char" требует сужающего преобразования.
C:\Users\User\Desktop\DZ STEP IT\ProjectWorkMaze\ProjectWorkMaze\timer.h(3,30): warning C4309: инициализация: усечение константного значения
C:\Users\User\Desktop\DZ STEP IT\ProjectWorkMaze\ProjectWorkMaze\timer.h(3,34): warning C4838: Преобразование из "int" в "char" требует сужающего преобразования.
C:\Users\User\Desktop\DZ STEP IT\ProjectWorkMaze\ProjectWorkMaze\timer.h(3,34): warning C4309: инициализация: усечение константного значения
C:\Users\User\Desktop\DZ STEP IT\ProjectWorkMaze\ProjectWorkMaze\timer.h(3,38): warning C4838: Преобразование из "int" в "char" требует сужающего преобразования.
C:\Users\User\Desktop\DZ STEP IT\ProjectWorkMaze\ProjectWorkMaze\timer.h(3,38): warning C4309: инициализация: усечение константного значения
C:\Users\User\Desktop\DZ STEP IT\ProjectWorkMaze\ProjectWorkMaze\timer.h(3,42): warning C4838: Преобразование из "int" в "char" требует сужающего преобразования.
C:\Users\User\Desktop\DZ STEP IT\ProjectWorkMaze\ProjectWorkMaze\timer.h(3,42): warning C4309: инициализация: усечение константного значения
C:\Users\User\Desktop\DZ STEP IT\ProjectWorkMaze\ProjectWorkMaze\timer.h(3,46): warning C4838: Преобразование из "int" в "char" требует сужающего преобразования.
C:\Users\User\Desktop\DZ STEP IT\ProjectWorkMaze\ProjectWorkMaze\timer.h(3,46): warning C4309: инициализация: усечение константного значения
C:\Users\User\Desktop\DZ STEP IT\ProjectWorkMaze\ProjectWorkMaze\timer.h(3,50): warning C4838: Преобразование из "int" в "char" требует сужающего преобразования.
C:\Users\User\Desktop\DZ STEP IT\ProjectWorkMaze\ProjectWorkMaze\timer.h(3,50): warning C4309: инициализация: усечение константного значения
C:\Users\User\Desktop\DZ STEP IT\ProjectWorkMaze\ProjectWorkMaze\timer.h(3,54): warning C4838: Преобразование из "int" в "char" требует сужающего преобразования.
C:\Users\User\Desktop\DZ STEP IT\ProjectWorkMaze\ProjectWorkMaze\timer.h(3,54): warning C4309: инициализация: усечение константного значения
C:\Users\User\Desktop\DZ STEP IT\ProjectWorkMaze\ProjectWorkMaze\timer.h(3,58): warning C4838: Преобразование из "int" в "char" требует сужающего преобразования.
C:\Users\User\Desktop\DZ STEP IT\ProjectWorkMaze\ProjectWorkMaze\timer.h(3,58): warning C4309: инициализация: усечение константного значения
C:\Users\User\Desktop\DZ STEP IT\ProjectWorkMaze\ProjectWorkMaze\timer.h(3,62): warning C4838: Преобразование из "int" в "char" требует сужающего преобразования.
C:\Users\User\Desktop\DZ STEP IT\ProjectWorkMaze\ProjectWorkMaze\timer.h(3,62): warning C4309: инициализация: усечение константного значения
C:\Users\User\Desktop\DZ STEP IT\ProjectWorkMaze\ProjectWorkMaze\timer.h(3,66): warning C4838: Преобразование из "int" в "char" требует сужающего преобразования.
C:\Users\User\Desktop\DZ STEP IT\ProjectWorkMaze\ProjectWorkMaze\timer.h(3,66): warning C4309: инициализация: усечение константного значения
C:\Users\User\Desktop\DZ STEP IT\ProjectWorkMaze\ProjectWorkMaze\timer.h(3,70): warning C4838: Преобразование из "int" в "char" требует сужающего преобразования.
C:\Users\User\Desktop\DZ STEP IT\ProjectWorkMaze\ProjectWorkMaze\timer.h(3,70): warning C4309: инициализация: усечение константного значения
C:\Users\User\Desktop\DZ STEP IT\ProjectWorkMaze\ProjectWorkMaze\timer.h(3,74): warning C4838: Преобразование из "int" в "char" требует сужающего преобразования.
C:\Users\User\Desktop\DZ STEP IT\ProjectWorkMaze\ProjectWorkMaze\timer.h(3,74): warning C4309: инициализация: усечение константного значения
C:\Users\User\Desktop\DZ STEP IT\ProjectWorkMaze\ProjectWorkMaze\timer.h(3,78): warning C4838: Преобразование из "int" в "char" требует сужающего преобразования.
C:\Users\User\Desktop\DZ STEP IT\ProjectWorkMaze\ProjectWorkMaze\timer.h(3,78): warning C4309: инициализация: усечение константного значения
C:\Users\User\Desktop\DZ STEP IT\ProjectWorkMaze\ProjectWorkMaze\timer.h(3,82): warning C4838: Преобразование из "int" в "char" требует сужающего преобразования.
C:\Users\User\Desktop\DZ STEP IT\ProjectWorkMaze\ProjectWorkMaze\timer.h(3,82): warning C4309: инициализация: усечение константного значения
C:\Users\User\Desktop\DZ STEP IT\ProjectWorkMaze\ProjectWorkMaze\timer.h(3,86): warning C4838: Преобразование из "int" в "char" требует сужающего преобразования.
C:\Users\User\Desktop\DZ STEP IT\ProjectWorkMaze\ProjectWorkMaze\timer.h(3,86): warning C4309: инициализация: усечение константного значения
C:\Users\User\Desktop\DZ STEP IT\ProjectWorkMaze\ProjectWorkMaze\timer.h(3,90): warning C4838: Преобразование из "int" в "char" требует сужающего преобразования.
C:\Users\User\Desktop\DZ STEP IT\ProjectWorkMaze\ProjectWorkMaze\timer.h(3,90): warning C4309: инициализация: усечение константного значения
C:\Users\User\Desktop\DZ STEP IT\ProjectWorkMaze\ProjectWorkMaze\timer.h(4,8): warning C4838: Преобразование из "int" в "char" требует сужающего преобразования.
C:\Users\User\Desktop\DZ STEP IT\ProjectWorkMaze\ProjectWorkMaze\timer.h(4,8): warning C4309: инициализация: усечение константного значения
C:\Users\User\Desktop\DZ STEP IT\ProjectWorkMaze\ProjectWorkMaze\timer.h(4,72): warning C4838: Преобразование из "int" в "char" требует сужающего преобразования.
C:\Users\User\Desktop\DZ STEP IT\ProjectWorkMaze\ProjectWorkMaze\timer.h(4,72): warning C4309: инициализация: усечение константного значения
C:\Users\User\Desktop\DZ STEP IT\ProjectWorkMaze\ProjectWorkMaze\timer.h(5,8): warning C4838: Преобразование из "int" в "char" требует сужающего преобразования.
C:\Users\User\Desktop\DZ STEP IT\ProjectWorkMaze\ProjectWorkMaze\timer.h(5,8): warning C4309: инициализация: усечение константного значения
C:\Users\User\Desktop\DZ STEP IT\ProjectWorkMaze\ProjectWorkMaze\timer.h(5,12): warning C4838: Преобразование из "int" в "char" требует сужающего преобразования.
C:\Users\User\Desktop\DZ STEP IT\ProjectWorkMaze\ProjectWorkMaze\timer.h(5,12): warning C4309: инициализация: усечение константного значения
C:\Users\User\Desktop\DZ STEP IT\ProjectWorkMaze\ProjectWorkMaze\timer.h(5,16): warning C4838: Преобразование из "int" в "char" требует сужающего преобразования.
C:\Users\User\Desktop\DZ STEP IT\ProjectWorkMaze\ProjectWorkMaze\timer.h(5,16): warning C4309: инициализация: усечение константного значения
C:\Users\User\Desktop\DZ STEP IT\ProjectWorkMaze\ProjectWorkMaze\timer.h(5,20): warning C4838: Преобразование из "int" в "char" требует сужающего преобразования.
C:\Users\User\Desktop\DZ STEP IT\ProjectWorkMaze\ProjectWorkMaze\timer.h(5,20): warning C4309: инициализация: усечение константного значения
C:\Users\User\Desktop\DZ STEP IT\ProjectWorkMaze\ProjectWorkMaze\timer.h(5,24): warning C4838: Преобразование из "int" в "char" требует сужающего преобразования.
C:\Users\User\Desktop\DZ STEP IT\ProjectWorkMaze\ProjectWorkMaze\timer.h(5,24): warning C4309: инициализация: усечение константного значения
C:\Users\User\Desktop\DZ STEP IT\ProjectWorkMaze\ProjectWorkMaze\timer.h(5,28): warning C4838: Преобразование из "int" в "char" требует сужающего преобразования.
C:\Users\User\Desktop\DZ STEP IT\ProjectWorkMaze\ProjectWorkMaze\timer.h(5,28): warning C4309: инициализация: усечение константного значения
C:\Users\User\Desktop\DZ STEP IT\ProjectWorkMaze\ProjectWorkMaze\timer.h(5,32): warning C4838: Преобразование из "int" в "char" требует сужающего преобразования.
C:\Users\User\Desktop\DZ STEP IT\ProjectWorkMaze\ProjectWorkMaze\timer.h(5,32): warning C4309: инициализация: усечение константного значения
C:\Users\User\Desktop\DZ STEP IT\ProjectWorkMaze\ProjectWorkMaze\timer.h(5,36): warning C4838: Преобразование из "int" в "char" требует сужающего преобразования.
C:\Users\User\Desktop\DZ STEP IT\ProjectWorkMaze\ProjectWorkMaze\timer.h(5,36): warning C4309: инициализация: усечение константного значения
C:\Users\User\Desktop\DZ STEP IT\ProjectWorkMaze\ProjectWorkMaze\timer.h(5,40): warning C4838: Преобразование из "int" в "char" требует сужающего преобразования.
C:\Users\User\Desktop\DZ STEP IT\ProjectWorkMaze\ProjectWorkMaze\timer.h(5,40): warning C4309: инициализация: усечение константного значения
C:\Users\User\Desktop\DZ STEP IT\ProjectWorkMaze\ProjectWorkMaze\timer.h(5,44): warning C4838: Преобразование из "int" в "char" требует сужающего преобразования.
C:\Users\User\Desktop\DZ STEP IT\ProjectWorkMaze\ProjectWorkMaze\timer.h(5,44): warning C4309: инициализация: усечение константного значения
C:\Users\User\Desktop\DZ STEP IT\ProjectWorkMaze\ProjectWorkMaze\timer.h(5,48): warning C4838: Преобразование из "int" в "char" требует сужающего преобразования.
C:\Users\User\Desktop\DZ STEP IT\ProjectWorkMaze\ProjectWorkMaze\timer.h(5,48): warning C4309: инициализация: усечение константного значения
C:\Users\User\Desktop\DZ STEP IT\ProjectWorkMaze\ProjectWorkMaze\timer.h(5,52): warning C4838: Преобразование из "int" в "char" требует сужающего преобразования.
C:\Users\User\Desktop\DZ STEP IT\ProjectWorkMaze\ProjectWorkMaze\timer.h(5,52): warning C4309: инициализация: усечение константного значения
C:\Users\User\Desktop\DZ STEP IT\ProjectWorkMaze\ProjectWorkMaze\timer.h(5,56): warning C4838: Преобразование из "int" в "char" требует сужающего преобразования.
C:\Users\User\Desktop\DZ STEP IT\ProjectWorkMaze\ProjectWorkMaze\timer.h(5,56): warning C4309: инициализация: усечение константного значения
C:\Users\User\Desktop\DZ STEP IT\ProjectWorkMaze\ProjectWorkMaze\timer.h(5,60): warning C4838: Преобразование из "int" в "char" требует сужающего преобразования.
C:\Users\User\Desktop\DZ STEP IT\ProjectWorkMaze\ProjectWorkMaze\timer.h(5,60): warning C4309: инициализация: усечение константного значения
C:\Users\User\Desktop\DZ STEP IT\ProjectWorkMaze\ProjectWorkMaze\timer.h(5,64): warning C4838: Преобразование из "int" в "char" требует сужающего преобразования.
C:\Users\User\Desktop\DZ STEP IT\ProjectWorkMaze\ProjectWorkMaze\timer.h(5,64): warning C4309: инициализация: усечение константного значения
C:\Users\User\Desktop\DZ STEP IT\ProjectWorkMaze\ProjectWorkMaze\timer.h(5,68): warning C4838: Преобразование из "int" в "char" требует сужающего преобразования.
C:\Users\User\Desktop\DZ STEP IT\ProjectWorkMaze\ProjectWorkMaze\timer.h(5,68): warning C4309: инициализация: усечение константного значения
C:\Users\User\Desktop\DZ STEP IT\ProjectWorkMaze\ProjectWorkMaze\timer.h(5,72): warning C4838: Преобразование из "int" в "char" требует сужающего преобразования.
C:\Users\User\Desktop\DZ STEP IT\ProjectWorkMaze\ProjectWorkMaze\timer.h(5,72): warning C4309: инициализация: усечение константного значения
C:\Users\User\Desktop\DZ STEP IT\ProjectWorkMaze\ProjectWorkMaze\RPS.h(33,12): warning C4244: аргумент: преобразование "time_t" в "unsigned int", возможна потеря данных
C:\Users\User\Desktop\DZ STEP IT\ProjectWorkMaze\ProjectWorkMaze\BOOM.h(63,12): warning C4244: аргумент: преобразование "time_t" в "unsigned int", возможна потеря данных
  ProjectWorkMaze.vcxproj -> C:\Users\User\Desktop\DZ STEP IT\ProjectWorkMaze\x64\Debug\ProjectWorkMaze.exe
